info it worked if it ends with ok
verbose cli [ 'node',
verbose cli   '/usr/bin/npm',
verbose cli   'install',
verbose cli   'mongodb',
verbose cli   '--mongodb:native' ]
info using npm@1.0.15
info using node@v0.4.9
verbose /usr/bin/node node symlink
verbose config file /home/laurent/.npmrc
verbose config file /usr/etc/npmrc
silly testEngine { name: 'application-name',
silly testEngine   version: '0.0.1',
silly testEngine   private: true,
silly testEngine   dependencies: { express: '2.4.0', jade: '>= 0.0.1' },
silly testEngine   _npmJsonOpts: 
silly testEngine    { file: '/home/laurent/codeshare-node/package.json',
silly testEngine      wscript: false,
silly testEngine      contributors: false,
silly testEngine      serverjs: false },
silly testEngine   _id: 'application-name@0.0.1',
silly testEngine   devDependencies: {},
silly testEngine   engines: { node: '*' },
silly testEngine   _engineSupported: true,
silly testEngine   _npmVersion: '1.0.15',
silly testEngine   _nodeVersion: 'v0.4.9',
silly testEngine   _defaultsLoaded: true }
verbose caching /home/laurent/codeshare-node/package.json
verbose loadDefaults application-name@0.0.1
silly testEngine { name: 'express',
silly testEngine   description: 'Sinatra inspired web development framework',
silly testEngine   version: '2.4.0',
silly testEngine   author: 
silly testEngine    { name: 'TJ Holowaychuk',
silly testEngine      email: 'tj@vision-media.ca' },
silly testEngine   contributors: 
silly testEngine    [ { name: 'TJ Holowaychuk',
silly testEngine        email: 'tj@vision-media.ca' },
silly testEngine      { name: 'Aaron Heckmann',
silly testEngine        email: 'aaron.heckmann+github@gmail.com' },
silly testEngine      { name: 'Ciaran Jessup', email: 'ciaranj@gmail.com' },
silly testEngine      { name: 'Guillermo Rauch', email: 'rauchg@gmail.com' } ],
silly testEngine   dependencies: 
silly testEngine    { connect: '>= 1.5.1 < 2.0.0',
silly testEngine      mime: '>= 0.0.1',
silly testEngine      qs: '>= 0.0.6' },
silly testEngine   devDependencies: 
silly testEngine    { 'connect-form': '0.2.1',
silly testEngine      ejs: '0.4.2',
silly testEngine      expresso: '0.7.2',
silly testEngine      hamljs: '0.5.1',
silly testEngine      jade: '0.11.0',
silly testEngine      stylus: '0.13.0',
silly testEngine      should: '0.2.1',
silly testEngine      'express-messages': '0.0.2',
silly testEngine      'node-markdown': '>= 0.0.1',
silly testEngine      'connect-redis': '>= 0.0.1' },
silly testEngine   keywords: [ 'framework', 'sinatra', 'web', 'rest', 'restful' ],
silly testEngine   repository: 
silly testEngine    { type: 'git',
silly testEngine      url: 'git://github.com/visionmedia/express.git' },
silly testEngine   main: 'index',
silly testEngine   bin: { express: './bin/express' },
silly testEngine   scripts: { test: 'make test', prepublish: 'npm prune' },
silly testEngine   engines: { node: '>= 0.4.1 < 0.5.0' },
silly testEngine   _npmJsonOpts: 
silly testEngine    { file: '/home/laurent/codeshare-node/node_modules/express/package.json',
silly testEngine      wscript: false,
silly testEngine      contributors: false,
silly testEngine      serverjs: false },
silly testEngine   _id: 'express@2.4.0',
silly testEngine   _engineSupported: true,
silly testEngine   _npmVersion: '1.0.15',
silly testEngine   _nodeVersion: 'v0.4.9',
silly testEngine   _defaultsLoaded: true }
verbose caching /home/laurent/codeshare-node/node_modules/express/package.json
verbose loadDefaults express@2.4.0
silly testEngine { name: 'nodeunit',
silly testEngine   description: 'Easy unit testing for node.js and the browser.',
silly testEngine   maintainers: 
silly testEngine    [ { name: 'Caolan McMahon',
silly testEngine        url: 'https://github.com/caolan' } ],
silly testEngine   contributors: 
silly testEngine    [ { name: 'Alex Gorbatchev',
silly testEngine        url: 'https://github.com/alexgorbatchev' },
silly testEngine      { name: 'Alex Wolfe',
silly testEngine        url: 'https://github.com/alexkwolfe' },
silly testEngine      { name: 'Carl Fürstenberg',
silly testEngine        url: 'https://github.com/azatoth' },
silly testEngine      { name: 'Gerad Suyderhoud',
silly testEngine        url: 'https://github.com/gerad' },
silly testEngine      { name: 'Kadir Pekel',
silly testEngine        url: 'https://github.com/coffeemate' },
silly testEngine      { name: 'Oleg Efimov',
silly testEngine        url: 'https://github.com/Sannis' },
silly testEngine      { name: 'Orlando Vazquez',
silly testEngine        url: 'https://github.com/orlandov' },
silly testEngine      { name: 'Ryan Dahl', url: 'https://github.com/ry' },
silly testEngine      { name: 'Sam Stephenson',
silly testEngine        url: 'https://github.com/sstephenson' },
silly testEngine      { name: 'Thomas Mayfield',
silly testEngine        url: 'https://github.com/thegreatape' } ],
silly testEngine   version: '0.5.1',
silly testEngine   repository: 
silly testEngine    { type: 'git',
silly testEngine      url: 'git://github.com/caolan/nodeunit.git' },
silly testEngine   bugs: { url: 'http://github.com/caolan/nodeunit/issues' },
silly testEngine   licenses: 
silly testEngine    [ { type: 'MIT',
silly testEngine        url: 'http://github.com/caolan/nodeunit/raw/master/LICENSE' } ],
silly testEngine   directories: { lib: './lib', doc: './doc', man: './man1' },
silly testEngine   bin: { nodeunit: './bin/nodeunit' },
silly testEngine   _npmJsonOpts: 
silly testEngine    { file: '/home/laurent/codeshare-node/node_modules/nodeunit/package.json',
silly testEngine      wscript: false,
silly testEngine      contributors: false,
silly testEngine      serverjs: false },
silly testEngine   _id: 'nodeunit@0.5.1',
silly testEngine   dependencies: {},
silly testEngine   devDependencies: {},
silly testEngine   engines: { node: '*' },
silly testEngine   _engineSupported: true,
silly testEngine   _npmVersion: '1.0.15',
silly testEngine   _nodeVersion: 'v0.4.9',
silly testEngine   _defaultsLoaded: true,
silly testEngine   man: [ 'man1/nodeunit.1' ] }
verbose caching /home/laurent/codeshare-node/node_modules/nodeunit/package.json
verbose loadDefaults nodeunit@0.5.1
silly testEngine { name: 'stylus',
silly testEngine   description: 'Robust, expressive, and feature-rich CSS superset',
silly testEngine   version: '0.13.6',
silly testEngine   author: 
silly testEngine    { name: 'TJ Holowaychuk',
silly testEngine      email: 'tj@vision-media.ca' },
silly testEngine   keywords: 
silly testEngine    [ 'css',
silly testEngine      'parser',
silly testEngine      'style',
silly testEngine      'stylesheets',
silly testEngine      'jade',
silly testEngine      'language' ],
silly testEngine   repository: 
silly testEngine    { type: 'git',
silly testEngine      url: 'git://github.com/learnboost/stylus.git' },
silly testEngine   main: './index.js',
silly testEngine   engines: { node: '>= 0.2.4' },
silly testEngine   bin: { stylus: './bin/stylus' },
silly testEngine   scripts: { prepublish: 'npm prune' },
silly testEngine   dependencies: { cssom: '0.2.0', growl: '1.1.0' },
silly testEngine   _npmJsonOpts: 
silly testEngine    { file: '/home/laurent/codeshare-node/node_modules/stylus/package.json',
silly testEngine      wscript: false,
silly testEngine      contributors: false,
silly testEngine      serverjs: false },
silly testEngine   _id: 'stylus@0.13.6',
silly testEngine   devDependencies: {},
silly testEngine   _engineSupported: true,
silly testEngine   _npmVersion: '1.0.15',
silly testEngine   _nodeVersion: 'v0.4.9',
silly testEngine   _defaultsLoaded: true }
verbose caching /home/laurent/codeshare-node/node_modules/stylus/package.json
verbose loadDefaults stylus@0.13.6
silly testEngine { name: 'cloudfoundry',
silly testEngine   description: 'Helper library for CloudFoundry',
silly testEngine   version: '0.1.0',
silly testEngine   homepage: 'https://github.com/igo/cloudfoundry',
silly testEngine   keywords: [ 'cloud', 'cloudfoundry', 'helper' ],
silly testEngine   author: { name: 'Igor Urminček' },
silly testEngine   main: 'index.js',
silly testEngine   repository: 
silly testEngine    { type: 'git',
silly testEngine      url: 'git://github.com/igo/cloudfoundry.git' },
silly testEngine   _npmJsonOpts: 
silly testEngine    { file: '/home/laurent/codeshare-node/node_modules/cloudfoundry/package.json',
silly testEngine      wscript: false,
silly testEngine      contributors: false,
silly testEngine      serverjs: false },
silly testEngine   _id: 'cloudfoundry@0.1.0',
silly testEngine   dependencies: {},
silly testEngine   devDependencies: {},
silly testEngine   engines: { node: '*' },
silly testEngine   _engineSupported: true,
silly testEngine   _npmVersion: '1.0.15',
silly testEngine   _nodeVersion: 'v0.4.9',
silly testEngine   _defaultsLoaded: true }
verbose caching /home/laurent/codeshare-node/node_modules/cloudfoundry/package.json
verbose loadDefaults cloudfoundry@0.1.0
silly testEngine { name: 'expresso',
silly testEngine   version: '0.8.1',
silly testEngine   description: 'TDD framework, light-weight, fast, CI-friendly',
silly testEngine   author: 
silly testEngine    { name: 'TJ Holowaychuk',
silly testEngine      email: 'tj@vision-media.ca' },
silly testEngine   repository: 
silly testEngine    { type: 'git',
silly testEngine      url: 'git://github.com/visionmedia/expresso.git' },
silly testEngine   bin: 
silly testEngine    { expresso: './bin/expresso',
silly testEngine      'node-jscoverage': './deps/jscoverage/node-jscoverage' },
silly testEngine   scripts: { preinstall: 'make deps/jscoverage/node-jscoverage' },
silly testEngine   _npmJsonOpts: 
silly testEngine    { file: '/home/laurent/codeshare-node/node_modules/expresso/package.json',
silly testEngine      wscript: false,
silly testEngine      contributors: false,
silly testEngine      serverjs: false },
silly testEngine   _id: 'expresso@0.8.1',
silly testEngine   dependencies: {},
silly testEngine   devDependencies: {},
silly testEngine   engines: { node: '*' },
silly testEngine   _engineSupported: true,
silly testEngine   _npmVersion: '1.0.15',
silly testEngine   _nodeVersion: 'v0.4.9',
silly testEngine   _defaultsLoaded: true }
verbose caching /home/laurent/codeshare-node/node_modules/expresso/package.json
verbose loadDefaults expresso@0.8.1
silly testEngine { name: 'nodemon',
silly testEngine   homepage: 'http://github.com/remy/nodemon',
silly testEngine   author: { name: 'Remy Sharp', url: 'http://github.com/remy' },
silly testEngine   bin: { nodemon: './nodemon.js' },
silly testEngine   repository: 
silly testEngine    { type: 'git',
silly testEngine      url: 'git://github.com/remy/nodemon.git' },
silly testEngine   description: 'Simple monitor script for use during development of a node.js app.',
silly testEngine   keywords: 
silly testEngine    [ 'monitor',
silly testEngine      'development',
silly testEngine      'restart',
silly testEngine      'autoload',
silly testEngine      'reload',
silly testEngine      'terminal' ],
silly testEngine   version: '0.5.3',
silly testEngine   preferGlobal: 'true',
silly testEngine   main: './nodemon',
silly testEngine   _npmJsonOpts: 
silly testEngine    { file: '/home/laurent/codeshare-node/node_modules/nodemon/package.json',
silly testEngine      wscript: false,
silly testEngine      contributors: false,
silly testEngine      serverjs: false },
silly testEngine   _id: 'nodemon@0.5.3',
silly testEngine   dependencies: {},
silly testEngine   devDependencies: {},
silly testEngine   engines: { node: '*' },
silly testEngine   _engineSupported: true,
silly testEngine   _npmVersion: '1.0.15',
silly testEngine   _nodeVersion: 'v0.4.9',
silly testEngine   _defaultsLoaded: true }
verbose caching /home/laurent/codeshare-node/node_modules/nodemon/package.json
verbose loadDefaults nodemon@0.5.3
silly testEngine { name: 'jade',
silly testEngine   description: 'Jade template engine',
silly testEngine   version: '0.13.0',
silly testEngine   author: 
silly testEngine    { name: 'TJ Holowaychuk',
silly testEngine      email: 'tj@vision-media.ca' },
silly testEngine   repository: 
silly testEngine    { type: 'git',
silly testEngine      url: 'git://github.com/visionmedia/jade.git' },
silly testEngine   main: './index.js',
silly testEngine   bin: { jade: './bin/jade' },
silly testEngine   devDependencies: 
silly testEngine    { expresso: '0.6.4',
silly testEngine      'coffee-script': '>= 0.0.1',
silly testEngine      sass: '>= 0.0.1',
silly testEngine      less: '>= 0.0.1',
silly testEngine      markdown: '>= 0.0.1',
silly testEngine      stylus: '>= 0.0.1' },
silly testEngine   scripts: { prepublish: 'npm prune' },
silly testEngine   engines: { node: '>= 0.1.98' },
silly testEngine   _npmJsonOpts: 
silly testEngine    { file: '/home/laurent/codeshare-node/node_modules/jade/package.json',
silly testEngine      wscript: false,
silly testEngine      contributors: false,
silly testEngine      serverjs: false },
silly testEngine   _id: 'jade@0.13.0',
silly testEngine   dependencies: {},
silly testEngine   _engineSupported: true,
silly testEngine   _npmVersion: '1.0.15',
silly testEngine   _nodeVersion: 'v0.4.9',
silly testEngine   _defaultsLoaded: true }
verbose caching /home/laurent/codeshare-node/node_modules/jade/package.json
verbose loadDefaults jade@0.13.0
verbose from cache /home/laurent/codeshare-node/package.json
verbose into /home/laurent/codeshare-node [ 'mongodb' ]
verbose cache add [ 'mongodb', null ]
info addNamed [ 'mongodb', '' ]
verbose addNamed [ null, '' ]
verbose GET mongodb
verbose raw, before any munging mongodb
verbose url resolving [ 'http://registry.npmjs.org/', './mongodb' ]
verbose url resolved http://registry.npmjs.org/mongodb
verbose url parsed { protocol: 'http:',
verbose url parsed   slashes: true,
verbose url parsed   host: 'registry.npmjs.org',
verbose url parsed   hostname: 'registry.npmjs.org',
verbose url parsed   href: 'http://registry.npmjs.org/mongodb',
verbose url parsed   pathname: '/mongodb' }
verbose etag "7DJSHB24OEH3Y5ALWBEQH1K7X"
verbose response http://registry.npmjs.org/mongodb
silly get cb [ 304,
silly get cb   { server: 'CouchDB/1.1.0 (Erlang OTP/R14B03)',
silly get cb     etag: '"7DJSHB24OEH3Y5ALWBEQH1K7X"',
silly get cb     date: 'Thu, 14 Jul 2011 23:58:00 GMT',
silly get cb     'content-length': '0' } ]
verbose etag mongodb from cache
verbose GET mongodb/0.9.6-7
verbose raw, before any munging mongodb/0.9.6-7
verbose url resolving [ 'http://registry.npmjs.org/', './mongodb/0.9.6-7' ]
verbose url resolved http://registry.npmjs.org/mongodb/0.9.6-7
verbose url parsed { protocol: 'http:',
verbose url parsed   slashes: true,
verbose url parsed   host: 'registry.npmjs.org',
verbose url parsed   hostname: 'registry.npmjs.org',
verbose url parsed   href: 'http://registry.npmjs.org/mongodb/0.9.6-7',
verbose url parsed   pathname: '/mongodb/0.9.6-7' }
verbose etag "7DJSHB24OEH3Y5ALWBEQH1K7X"
verbose response http://registry.npmjs.org/mongodb/0.9.6-7
silly get cb [ 304,
silly get cb   { server: 'CouchDB/1.1.0 (Erlang OTP/R14B03)',
silly get cb     etag: '"7DJSHB24OEH3Y5ALWBEQH1K7X"',
silly get cb     date: 'Thu, 14 Jul 2011 23:58:00 GMT',
silly get cb     'content-length': '0' } ]
verbose etag mongodb/0.9.6-7 from cache
verbose bin dist [ '0.4-ares1.7.4-ev4.4-openssl0.9.8o-v83.1.8.25-linux-2.6.38-8-generic',
verbose bin dist   { shasum: '2afae68cf782ccab04297ca791c3c82c306e50e3',
verbose bin dist     tarball: 'http://registry.npmjs.org/mongodb/-/mongodb-0.9.6-7.tgz' } ]
silly testEngine { name: 'mongodb',
silly testEngine   description: 'A node.js driver for MongoDB',
silly testEngine   version: '0.9.6-7',
silly testEngine   author: 
silly testEngine    { name: 'Christian Amor Kvalheim',
silly testEngine      email: 'christkv@gmail.com' },
silly testEngine   contributors: 
silly testEngine    [ { name: 'Nathan White', email: 'nw@nwhite.net' },
silly testEngine      { name: 'Adam Wiggins', email: 'adam@heroku.com' },
silly testEngine      { name: 'Ian Millington',
silly testEngine        email: 'idmillington@googlemail.com' },
silly testEngine      { name: 'Aaron Heckmann',
silly testEngine        email: 'aaron.heckmann+github@gmail.com' },
silly testEngine      { name: 'Ciaran Jessup', email: 'ciaranj@gmail.com' },
silly testEngine      { name: 'Christoph Pojer' },
silly testEngine      { name: 'Erik Abele' },
silly testEngine      { name: 'Henrik Johansson',
silly testEngine        email: 'dahankzter@gmail.com' } ],
silly testEngine   repository: 
silly testEngine    { type: 'git',
silly testEngine      url: 'git://github.com/christkv/node-mongodb-native.git' },
silly testEngine   bugs: 
silly testEngine    { email: 'node-mongodb-native@googlegroups.com',
silly testEngine      url: 'http://github.com/christkv/node-mongodb-native/issues' },
silly testEngine   os: [ 'linux', 'darwin', 'freebsd' ],
silly testEngine   config: { native: false },
silly testEngine   main: './lib/mongodb/index',
silly testEngine   directories: { lib: './lib/mongodb' },
silly testEngine   engines: { node: '>=0.4.0' },
silly testEngine   scripts: { install: 'bash ./install.sh' },
silly testEngine   licenses: 
silly testEngine    [ { type: 'Apache License, Version 2.0',
silly testEngine        url: 'http://www.apache.org/licenses/LICENSE-2.0' } ],
silly testEngine   _npmJsonOpts: 
silly testEngine    { file: '/home/laurent/.npm/mongodb/0.9.6-7/package/package.json',
silly testEngine      wscript: false,
silly testEngine      contributors: false,
silly testEngine      serverjs: false },
silly testEngine   _id: 'mongodb@0.9.6-7',
silly testEngine   dependencies: {},
silly testEngine   devDependencies: {},
silly testEngine   _engineSupported: true,
silly testEngine   _npmVersion: '1.0.15',
silly testEngine   _nodeVersion: 'v0.4.9',
silly testEngine   _defaultsLoaded: true }
verbose caching /home/laurent/.npm/mongodb/0.9.6-7/package/package.json
verbose loadDefaults mongodb@0.9.6-7
silly resolved [ { name: 'mongodb',
silly resolved     description: 'A node.js driver for MongoDB',
silly resolved     version: '0.9.6-7',
silly resolved     author: 
silly resolved      { name: 'Christian Amor Kvalheim',
silly resolved        email: 'christkv@gmail.com' },
silly resolved     contributors: 
silly resolved      [ { name: 'Nathan White', email: 'nw@nwhite.net' },
silly resolved        { name: 'Adam Wiggins', email: 'adam@heroku.com' },
silly resolved        { name: 'Ian Millington',
silly resolved          email: 'idmillington@googlemail.com' },
silly resolved        { name: 'Aaron Heckmann',
silly resolved          email: 'aaron.heckmann+github@gmail.com' },
silly resolved        { name: 'Ciaran Jessup', email: 'ciaranj@gmail.com' },
silly resolved        { name: 'Christoph Pojer' },
silly resolved        { name: 'Erik Abele' },
silly resolved        { name: 'Henrik Johansson',
silly resolved          email: 'dahankzter@gmail.com' } ],
silly resolved     repository: 
silly resolved      { type: 'git',
silly resolved        url: 'git://github.com/christkv/node-mongodb-native.git' },
silly resolved     bugs: 
silly resolved      { email: 'node-mongodb-native@googlegroups.com',
silly resolved        url: 'http://github.com/christkv/node-mongodb-native/issues' },
silly resolved     os: [ 'linux', 'darwin', 'freebsd' ],
silly resolved     config: { native: false },
silly resolved     main: './lib/mongodb/index',
silly resolved     directories: { lib: './lib/mongodb' },
silly resolved     engines: { node: '>=0.4.0' },
silly resolved     scripts: { install: 'bash ./install.sh' },
silly resolved     licenses: 
silly resolved      [ { type: 'Apache License, Version 2.0',
silly resolved          url: 'http://www.apache.org/licenses/LICENSE-2.0' } ],
silly resolved     _npmJsonOpts: 
silly resolved      { file: '/home/laurent/.npm/mongodb/0.9.6-7/package/package.json',
silly resolved        wscript: false,
silly resolved        contributors: false,
silly resolved        serverjs: false },
silly resolved     _id: 'mongodb@0.9.6-7',
silly resolved     dependencies: {},
silly resolved     devDependencies: {},
silly resolved     _engineSupported: true,
silly resolved     _npmVersion: '1.0.15',
silly resolved     _nodeVersion: 'v0.4.9',
silly resolved     _defaultsLoaded: true } ]
info into /home/laurent/codeshare-node mongodb@0.9.6-7
info installOne mongodb@0.9.6-7
info unbuild /home/laurent/codeshare-node/node_modules/mongodb
verbose from cache /home/laurent/.npm/mongodb/0.9.6-7/package/package.json
verbose mkdir done: /home/laurent/codeshare-node/node_modules/___mongodb.npm 755
verbose unpack_ uid, gid [ undefined, undefined ]
verbose unpackTarget /home/laurent/codeshare-node/node_modules/mongodb
silly gunzTarPerm modes [ '755', '644' ]
verbose success gzip "--decompress" "--stdout" "/home/laurent/.npm/mongodb/0.9.6-7/package.tgz"
verbose success tar "-mvxpf" "-" "--no-same-owner" "-C" "/home/laurent/codeshare-node/node_modules/___mongodb.npm"
silly asyncMap in gTP /home/laurent/codeshare-node/node_modules/___mongodb.npm/package/
silly asyncMap in gTP /home/laurent/codeshare-node/node_modules/___mongodb.npm/package/TODO.
silly asyncMap in gTP /home/laurent/codeshare-node/node_modules/___mongodb.npm/package/index.js
silly asyncMap in gTP /home/laurent/codeshare-node/node_modules/___mongodb.npm/package/Makefile
silly asyncMap in gTP /home/laurent/codeshare-node/node_modules/___mongodb.npm/package/install.sh
silly asyncMap in gTP /home/laurent/codeshare-node/node_modules/___mongodb.npm/package/.npmignore
silly asyncMap in gTP /home/laurent/codeshare-node/node_modules/___mongodb.npm/package/.gitignore
silly asyncMap in gTP /home/laurent/codeshare-node/node_modules/___mongodb.npm/package/HISTORY
silly asyncMap in gTP /home/laurent/codeshare-node/node_modules/___mongodb.npm/package/Readme.md
silly asyncMap in gTP /home/laurent/codeshare-node/node_modules/___mongodb.npm/package/package.json
silly asyncMap in gTP /home/laurent/codeshare-node/node_modules/___mongodb.npm/package/docs/
silly asyncMap in gTP /home/laurent/codeshare-node/node_modules/___mongodb.npm/package/docs/database.md
silly asyncMap in gTP /home/laurent/codeshare-node/node_modules/___mongodb.npm/package/docs/queries.md
silly asyncMap in gTP /home/laurent/codeshare-node/node_modules/___mongodb.npm/package/docs/indexes.md
silly asyncMap in gTP /home/laurent/codeshare-node/node_modules/___mongodb.npm/package/docs/collections.md
silly asyncMap in gTP /home/laurent/codeshare-node/node_modules/___mongodb.npm/package/docs/gridfs.md
silly asyncMap in gTP /home/laurent/codeshare-node/node_modules/___mongodb.npm/package/docs/replicaset.md
silly asyncMap in gTP /home/laurent/codeshare-node/node_modules/___mongodb.npm/package/docs/insert.md
silly asyncMap in gTP /home/laurent/codeshare-node/node_modules/___mongodb.npm/package/docs/README.md
silly asyncMap in gTP /home/laurent/codeshare-node/node_modules/___mongodb.npm/package/tools/
silly asyncMap in gTP /home/laurent/codeshare-node/node_modules/___mongodb.npm/package/tools/test_all.js
silly asyncMap in gTP /home/laurent/codeshare-node/node_modules/___mongodb.npm/package/examples/
silly asyncMap in gTP /home/laurent/codeshare-node/node_modules/___mongodb.npm/package/examples/replSetServersQueries.js
silly asyncMap in gTP /home/laurent/codeshare-node/node_modules/___mongodb.npm/package/examples/url.js
silly asyncMap in gTP /home/laurent/codeshare-node/node_modules/___mongodb.npm/package/examples/blog.js
silly asyncMap in gTP /home/laurent/codeshare-node/node_modules/___mongodb.npm/package/examples/index_test.js
silly asyncMap in gTP /home/laurent/codeshare-node/node_modules/___mongodb.npm/package/examples/gridfs.js
silly asyncMap in gTP /home/laurent/codeshare-node/node_modules/___mongodb.npm/package/examples/info.js
silly asyncMap in gTP /home/laurent/codeshare-node/node_modules/___mongodb.npm/package/examples/simple.js
silly asyncMap in gTP /home/laurent/codeshare-node/node_modules/___mongodb.npm/package/examples/types.js
silly asyncMap in gTP /home/laurent/codeshare-node/node_modules/___mongodb.npm/package/examples/replSetServersSimple.js
silly asyncMap in gTP /home/laurent/codeshare-node/node_modules/___mongodb.npm/package/examples/queries.js
silly asyncMap in gTP /home/laurent/codeshare-node/node_modules/___mongodb.npm/package/examples/strict.js
silly asyncMap in gTP /home/laurent/codeshare-node/node_modules/___mongodb.npm/package/examples/capped.js
silly asyncMap in gTP /home/laurent/codeshare-node/node_modules/___mongodb.npm/package/examples/oplog.js
silly asyncMap in gTP /home/laurent/codeshare-node/node_modules/___mongodb.npm/package/examples/cursor.js
silly asyncMap in gTP /home/laurent/codeshare-node/node_modules/___mongodb.npm/package/examples/admin.js
silly asyncMap in gTP /home/laurent/codeshare-node/node_modules/___mongodb.npm/package/benchmark/
silly asyncMap in gTP /home/laurent/codeshare-node/node_modules/___mongodb.npm/package/benchmark/streaming_benchmark.js
silly asyncMap in gTP /home/laurent/codeshare-node/node_modules/___mongodb.npm/package/benchmark/bson_benchmark.js
silly asyncMap in gTP /home/laurent/codeshare-node/node_modules/___mongodb.npm/package/benchmark/grid_fs_write_benchmark.js
silly asyncMap in gTP /home/laurent/codeshare-node/node_modules/___mongodb.npm/package/external-libs/
silly asyncMap in gTP /home/laurent/codeshare-node/node_modules/___mongodb.npm/package/external-libs/bson/
silly asyncMap in gTP /home/laurent/codeshare-node/node_modules/___mongodb.npm/package/external-libs/bson/code.cc
silly asyncMap in gTP /home/laurent/codeshare-node/node_modules/___mongodb.npm/package/external-libs/bson/objectid.cc
silly asyncMap in gTP /home/laurent/codeshare-node/node_modules/___mongodb.npm/package/external-libs/bson/binary.cc
silly asyncMap in gTP /home/laurent/codeshare-node/node_modules/___mongodb.npm/package/external-libs/bson/bson.h
silly asyncMap in gTP /home/laurent/codeshare-node/node_modules/___mongodb.npm/package/external-libs/bson/dbref.cc
silly asyncMap in gTP /home/laurent/codeshare-node/node_modules/___mongodb.npm/package/external-libs/bson/long.cc
silly asyncMap in gTP /home/laurent/codeshare-node/node_modules/___mongodb.npm/package/external-libs/bson/index.js
silly asyncMap in gTP /home/laurent/codeshare-node/node_modules/___mongodb.npm/package/external-libs/bson/dbref.h
silly asyncMap in gTP /home/laurent/codeshare-node/node_modules/___mongodb.npm/package/external-libs/bson/Makefile
silly asyncMap in gTP /home/laurent/codeshare-node/node_modules/___mongodb.npm/package/external-libs/bson/local.cc
silly asyncMap in gTP /home/laurent/codeshare-node/node_modules/___mongodb.npm/package/external-libs/bson/binary.h
silly asyncMap in gTP /home/laurent/codeshare-node/node_modules/___mongodb.npm/package/external-libs/bson/long.h
silly asyncMap in gTP /home/laurent/codeshare-node/node_modules/___mongodb.npm/package/external-libs/bson/timestamp.h
silly asyncMap in gTP /home/laurent/codeshare-node/node_modules/___mongodb.npm/package/external-libs/bson/bson.cc
silly asyncMap in gTP /home/laurent/codeshare-node/node_modules/___mongodb.npm/package/external-libs/bson/.gitignore
silly asyncMap in gTP /home/laurent/codeshare-node/node_modules/___mongodb.npm/package/external-libs/bson/timestamp.cc
silly asyncMap in gTP /home/laurent/codeshare-node/node_modules/___mongodb.npm/package/external-libs/bson/test_bson.js
silly asyncMap in gTP /home/laurent/codeshare-node/node_modules/___mongodb.npm/package/external-libs/bson/code.h
silly asyncMap in gTP /home/laurent/codeshare-node/node_modules/___mongodb.npm/package/external-libs/bson/local.h
silly asyncMap in gTP /home/laurent/codeshare-node/node_modules/___mongodb.npm/package/external-libs/bson/wscript
silly asyncMap in gTP /home/laurent/codeshare-node/node_modules/___mongodb.npm/package/external-libs/bson/test_full_bson.js
silly asyncMap in gTP /home/laurent/codeshare-node/node_modules/___mongodb.npm/package/external-libs/bson/objectid.h
silly asyncMap in gTP /home/laurent/codeshare-node/node_modules/___mongodb.npm/package/test/
silly asyncMap in gTP /home/laurent/codeshare-node/node_modules/___mongodb.npm/package/test/error_test.js
silly asyncMap in gTP /home/laurent/codeshare-node/node_modules/___mongodb.npm/package/test/unicode_test.js
silly asyncMap in gTP /home/laurent/codeshare-node/node_modules/___mongodb.npm/package/test/remove_test.js
silly asyncMap in gTP /home/laurent/codeshare-node/node_modules/___mongodb.npm/package/test/index_test.js
silly asyncMap in gTP /home/laurent/codeshare-node/node_modules/___mongodb.npm/package/test/collection_test.js
silly asyncMap in gTP /home/laurent/codeshare-node/node_modules/___mongodb.npm/package/test/streaming_test.js
silly asyncMap in gTP /home/laurent/codeshare-node/node_modules/___mongodb.npm/package/test/map_reduce_test.js
silly asyncMap in gTP /home/laurent/codeshare-node/node_modules/___mongodb.npm/package/test/objectid_test.js
silly asyncMap in gTP /home/laurent/codeshare-node/node_modules/___mongodb.npm/package/test/custom_pk_test.js
silly asyncMap in gTP /home/laurent/codeshare-node/node_modules/___mongodb.npm/package/test/find_test.js
silly asyncMap in gTP /home/laurent/codeshare-node/node_modules/___mongodb.npm/package/test/cursor_test.js
silly asyncMap in gTP /home/laurent/codeshare-node/node_modules/___mongodb.npm/package/test/admin_test.js
silly asyncMap in gTP /home/laurent/codeshare-node/node_modules/___mongodb.npm/package/test/db_test.js
silly asyncMap in gTP /home/laurent/codeshare-node/node_modules/___mongodb.npm/package/test/regexp_test.js
silly asyncMap in gTP /home/laurent/codeshare-node/node_modules/___mongodb.npm/package/test/insert_test.js
silly asyncMap in gTP /home/laurent/codeshare-node/node_modules/___mongodb.npm/package/test/authentication_test.js
silly asyncMap in gTP /home/laurent/codeshare-node/node_modules/___mongodb.npm/package/test/bson/
silly asyncMap in gTP /home/laurent/codeshare-node/node_modules/___mongodb.npm/package/test/bson/commands_test.js
silly asyncMap in gTP /home/laurent/codeshare-node/node_modules/___mongodb.npm/package/test/bson/bson_test.js
silly asyncMap in gTP /home/laurent/codeshare-node/node_modules/___mongodb.npm/package/test/replicaset/
silly asyncMap in gTP /home/laurent/codeshare-node/node_modules/___mongodb.npm/package/test/replicaset/count_test.js
silly asyncMap in gTP /home/laurent/codeshare-node/node_modules/___mongodb.npm/package/test/replicaset/query_secondaries_test.js
silly asyncMap in gTP /home/laurent/codeshare-node/node_modules/___mongodb.npm/package/test/replicaset/connect_test.js
silly asyncMap in gTP /home/laurent/codeshare-node/node_modules/___mongodb.npm/package/test/replicaset/insert_test.js
silly asyncMap in gTP /home/laurent/codeshare-node/node_modules/___mongodb.npm/package/test/gridstore/
silly asyncMap in gTP /home/laurent/codeshare-node/node_modules/___mongodb.npm/package/test/gridstore/grid_test.js
silly asyncMap in gTP /home/laurent/codeshare-node/node_modules/___mongodb.npm/package/test/gridstore/grid_store_test.js
silly asyncMap in gTP /home/laurent/codeshare-node/node_modules/___mongodb.npm/package/test/gridstore/test_gs_working_field_read.pdf
silly asyncMap in gTP /home/laurent/codeshare-node/node_modules/___mongodb.npm/package/test/gridstore/iya_logo_final_bw.jpg
silly asyncMap in gTP /home/laurent/codeshare-node/node_modules/___mongodb.npm/package/test/gridstore/grid_store_file_test.js
silly asyncMap in gTP /home/laurent/codeshare-node/node_modules/___mongodb.npm/package/test/gridstore/test_gs_weird_bug.png
silly asyncMap in gTP /home/laurent/codeshare-node/node_modules/___mongodb.npm/package/test/gridstore/grid_store_stream_test.js
silly asyncMap in gTP /home/laurent/codeshare-node/node_modules/___mongodb.npm/package/test/tools/
silly asyncMap in gTP /home/laurent/codeshare-node/node_modules/___mongodb.npm/package/test/tools/keyfile.txt
silly asyncMap in gTP /home/laurent/codeshare-node/node_modules/___mongodb.npm/package/test/tools/replica_set_manager.js
silly asyncMap in gTP /home/laurent/codeshare-node/node_modules/___mongodb.npm/package/test/tools/server_manager.js
silly asyncMap in gTP /home/laurent/codeshare-node/node_modules/___mongodb.npm/package/test/auxilliary/
silly asyncMap in gTP /home/laurent/codeshare-node/node_modules/___mongodb.npm/package/test/auxilliary/replicaset_auth_test.js
silly asyncMap in gTP /home/laurent/codeshare-node/node_modules/___mongodb.npm/package/test/auxilliary/authentication_test.js
silly asyncMap in gTP /home/laurent/codeshare-node/node_modules/___mongodb.npm/package/lib/
silly asyncMap in gTP /home/laurent/codeshare-node/node_modules/___mongodb.npm/package/lib/mongodb/
silly asyncMap in gTP /home/laurent/codeshare-node/node_modules/___mongodb.npm/package/lib/mongodb/connection.js
silly asyncMap in gTP /home/laurent/codeshare-node/node_modules/___mongodb.npm/package/lib/mongodb/index.js
silly asyncMap in gTP /home/laurent/codeshare-node/node_modules/___mongodb.npm/package/lib/mongodb/collection.js
silly asyncMap in gTP /home/laurent/codeshare-node/node_modules/___mongodb.npm/package/lib/mongodb/db.js
silly asyncMap in gTP /home/laurent/codeshare-node/node_modules/___mongodb.npm/package/lib/mongodb/cursor.js
silly asyncMap in gTP /home/laurent/codeshare-node/node_modules/___mongodb.npm/package/lib/mongodb/admin.js
silly asyncMap in gTP /home/laurent/codeshare-node/node_modules/___mongodb.npm/package/lib/mongodb/bson/
silly asyncMap in gTP /home/laurent/codeshare-node/node_modules/___mongodb.npm/package/lib/mongodb/bson/objectid.js
silly asyncMap in gTP /home/laurent/codeshare-node/node_modules/___mongodb.npm/package/lib/mongodb/bson/binary.js
silly asyncMap in gTP /home/laurent/codeshare-node/node_modules/___mongodb.npm/package/lib/mongodb/bson/float_parser.js
silly asyncMap in gTP /home/laurent/codeshare-node/node_modules/___mongodb.npm/package/lib/mongodb/bson/bson.js
silly asyncMap in gTP /home/laurent/codeshare-node/node_modules/___mongodb.npm/package/lib/mongodb/bson/binary_utils.js
silly asyncMap in gTP /home/laurent/codeshare-node/node_modules/___mongodb.npm/package/lib/mongodb/bson/timestamp.js
silly asyncMap in gTP /home/laurent/codeshare-node/node_modules/___mongodb.npm/package/lib/mongodb/bson/binary_parser.js
silly asyncMap in gTP /home/laurent/codeshare-node/node_modules/___mongodb.npm/package/lib/mongodb/commands/
silly asyncMap in gTP /home/laurent/codeshare-node/node_modules/___mongodb.npm/package/lib/mongodb/commands/base_command.js
silly asyncMap in gTP /home/laurent/codeshare-node/node_modules/___mongodb.npm/package/lib/mongodb/commands/kill_cursor_command.js
silly asyncMap in gTP /home/laurent/codeshare-node/node_modules/___mongodb.npm/package/lib/mongodb/commands/db_command.js
silly asyncMap in gTP /home/laurent/codeshare-node/node_modules/___mongodb.npm/package/lib/mongodb/commands/delete_command.js
silly asyncMap in gTP /home/laurent/codeshare-node/node_modules/___mongodb.npm/package/lib/mongodb/commands/get_more_command.js
silly asyncMap in gTP /home/laurent/codeshare-node/node_modules/___mongodb.npm/package/lib/mongodb/commands/query_command.js
silly asyncMap in gTP /home/laurent/codeshare-node/node_modules/___mongodb.npm/package/lib/mongodb/commands/update_command.js
silly asyncMap in gTP /home/laurent/codeshare-node/node_modules/___mongodb.npm/package/lib/mongodb/commands/insert_command.js
silly asyncMap in gTP /home/laurent/codeshare-node/node_modules/___mongodb.npm/package/lib/mongodb/crypto/
silly asyncMap in gTP /home/laurent/codeshare-node/node_modules/___mongodb.npm/package/lib/mongodb/crypto/md5.js
silly asyncMap in gTP /home/laurent/codeshare-node/node_modules/___mongodb.npm/package/lib/mongodb/gridfs/
silly asyncMap in gTP /home/laurent/codeshare-node/node_modules/___mongodb.npm/package/lib/mongodb/gridfs/grid.js
silly asyncMap in gTP /home/laurent/codeshare-node/node_modules/___mongodb.npm/package/lib/mongodb/gridfs/chunk.js
silly asyncMap in gTP /home/laurent/codeshare-node/node_modules/___mongodb.npm/package/lib/mongodb/gridfs/gridstore.js
silly asyncMap in gTP /home/laurent/codeshare-node/node_modules/___mongodb.npm/package/lib/mongodb/connections/
silly asyncMap in gTP /home/laurent/codeshare-node/node_modules/___mongodb.npm/package/lib/mongodb/connections/server.js
silly asyncMap in gTP /home/laurent/codeshare-node/node_modules/___mongodb.npm/package/lib/mongodb/connections/repl_set_servers.js
silly asyncMap in gTP /home/laurent/codeshare-node/node_modules/___mongodb.npm/package/lib/mongodb/responses/
silly asyncMap in gTP /home/laurent/codeshare-node/node_modules/___mongodb.npm/package/lib/mongodb/responses/mongo_reply.js
silly asyncMap in gTP /home/laurent/codeshare-node/node_modules/___mongodb.npm/package/lib/mongodb/goog/
silly asyncMap in gTP /home/laurent/codeshare-node/node_modules/___mongodb.npm/package/lib/mongodb/goog/math/
silly asyncMap in gTP /home/laurent/codeshare-node/node_modules/___mongodb.npm/package/lib/mongodb/goog/math/long.js
silly asyncMap in gTP /home/laurent/codeshare-node/node_modules/___mongodb.npm/package/deps/
silly asyncMap in gTP /home/laurent/codeshare-node/node_modules/___mongodb.npm/package/deps/step/
silly asyncMap in gTP /home/laurent/codeshare-node/node_modules/___mongodb.npm/package/deps/step/README.markdown
silly asyncMap in gTP /home/laurent/codeshare-node/node_modules/___mongodb.npm/package/deps/step/package.json
silly asyncMap in gTP /home/laurent/codeshare-node/node_modules/___mongodb.npm/package/deps/step/lib/
silly asyncMap in gTP /home/laurent/codeshare-node/node_modules/___mongodb.npm/package/deps/step/lib/step.js
silly asyncMap in gTP /home/laurent/codeshare-node/node_modules/___mongodb.npm/package/deps/step/test/
silly asyncMap in gTP /home/laurent/codeshare-node/node_modules/___mongodb.npm/package/deps/step/test/helper.js
silly asyncMap in gTP /home/laurent/codeshare-node/node_modules/___mongodb.npm/package/deps/step/test/errorTest.js
silly asyncMap in gTP /home/laurent/codeshare-node/node_modules/___mongodb.npm/package/deps/step/test/callbackTest.js
silly asyncMap in gTP /home/laurent/codeshare-node/node_modules/___mongodb.npm/package/deps/step/test/groupTest.js
silly asyncMap in gTP /home/laurent/codeshare-node/node_modules/___mongodb.npm/package/deps/step/test/fnTest.js
silly asyncMap in gTP /home/laurent/codeshare-node/node_modules/___mongodb.npm/package/deps/step/test/parallelTest.js
silly asyncMap in gTP /home/laurent/codeshare-node/node_modules/___mongodb.npm/package/deps/nodeunit/
silly asyncMap in gTP /home/laurent/codeshare-node/node_modules/___mongodb.npm/package/deps/nodeunit/index.js
silly asyncMap in gTP /home/laurent/codeshare-node/node_modules/___mongodb.npm/package/deps/nodeunit/Makefile
silly asyncMap in gTP /home/laurent/codeshare-node/node_modules/___mongodb.npm/package/deps/nodeunit/.npmignore
silly asyncMap in gTP /home/laurent/codeshare-node/node_modules/___mongodb.npm/package/deps/nodeunit/CONTRIBUTORS.md
silly asyncMap in gTP /home/laurent/codeshare-node/node_modules/___mongodb.npm/package/deps/nodeunit/LICENSE
silly asyncMap in gTP /home/laurent/codeshare-node/node_modules/___mongodb.npm/package/deps/nodeunit/README.md
silly asyncMap in gTP /home/laurent/codeshare-node/node_modules/___mongodb.npm/package/deps/nodeunit/package.json
silly asyncMap in gTP /home/laurent/codeshare-node/node_modules/___mongodb.npm/package/deps/nodeunit/nodelint.cfg
silly asyncMap in gTP /home/laurent/codeshare-node/node_modules/___mongodb.npm/package/deps/nodeunit/doc/
silly asyncMap in gTP /home/laurent/codeshare-node/node_modules/___mongodb.npm/package/deps/nodeunit/doc/nodeunit.md
silly asyncMap in gTP /home/laurent/codeshare-node/node_modules/___mongodb.npm/package/deps/nodeunit/bin/
silly asyncMap in gTP /home/laurent/codeshare-node/node_modules/___mongodb.npm/package/deps/nodeunit/bin/nodeunit
silly asyncMap in gTP /home/laurent/codeshare-node/node_modules/___mongodb.npm/package/deps/nodeunit/bin/nodeunit.json
silly asyncMap in gTP /home/laurent/codeshare-node/node_modules/___mongodb.npm/package/deps/nodeunit/man1/
silly asyncMap in gTP /home/laurent/codeshare-node/node_modules/___mongodb.npm/package/deps/nodeunit/man1/nodeunit.1
silly asyncMap in gTP /home/laurent/codeshare-node/node_modules/___mongodb.npm/package/deps/nodeunit/img/
silly asyncMap in gTP /home/laurent/codeshare-node/node_modules/___mongodb.npm/package/deps/nodeunit/img/example_fail.png
silly asyncMap in gTP /home/laurent/codeshare-node/node_modules/___mongodb.npm/package/deps/nodeunit/img/example_pass.png
silly asyncMap in gTP /home/laurent/codeshare-node/node_modules/___mongodb.npm/package/deps/nodeunit/share/
silly asyncMap in gTP /home/laurent/codeshare-node/node_modules/___mongodb.npm/package/deps/nodeunit/share/nodeunit.css
silly asyncMap in gTP /home/laurent/codeshare-node/node_modules/___mongodb.npm/package/deps/nodeunit/share/license.js
silly asyncMap in gTP /home/laurent/codeshare-node/node_modules/___mongodb.npm/package/deps/nodeunit/share/junit.xml.ejs
silly asyncMap in gTP /home/laurent/codeshare-node/node_modules/___mongodb.npm/package/deps/nodeunit/deps/
silly asyncMap in gTP /home/laurent/codeshare-node/node_modules/___mongodb.npm/package/deps/nodeunit/deps/ejs.js
silly asyncMap in gTP /home/laurent/codeshare-node/node_modules/___mongodb.npm/package/deps/nodeunit/deps/json2.js
silly asyncMap in gTP /home/laurent/codeshare-node/node_modules/___mongodb.npm/package/deps/nodeunit/deps/async.js
silly asyncMap in gTP /home/laurent/codeshare-node/node_modules/___mongodb.npm/package/deps/nodeunit/lib/
silly asyncMap in gTP /home/laurent/codeshare-node/node_modules/___mongodb.npm/package/deps/nodeunit/lib/core.js
silly asyncMap in gTP /home/laurent/codeshare-node/node_modules/___mongodb.npm/package/deps/nodeunit/lib/assert.js
silly asyncMap in gTP /home/laurent/codeshare-node/node_modules/___mongodb.npm/package/deps/nodeunit/lib/types.js
silly asyncMap in gTP /home/laurent/codeshare-node/node_modules/___mongodb.npm/package/deps/nodeunit/lib/track.js
silly asyncMap in gTP /home/laurent/codeshare-node/node_modules/___mongodb.npm/package/deps/nodeunit/lib/utils.js
silly asyncMap in gTP /home/laurent/codeshare-node/node_modules/___mongodb.npm/package/deps/nodeunit/lib/nodeunit.js
silly asyncMap in gTP /home/laurent/codeshare-node/node_modules/___mongodb.npm/package/deps/nodeunit/lib/reporters/
silly asyncMap in gTP /home/laurent/codeshare-node/node_modules/___mongodb.npm/package/deps/nodeunit/lib/reporters/index.js
silly asyncMap in gTP /home/laurent/codeshare-node/node_modules/___mongodb.npm/package/deps/nodeunit/lib/reporters/browser.js
silly asyncMap in gTP /home/laurent/codeshare-node/node_modules/___mongodb.npm/package/deps/nodeunit/lib/reporters/default.js
silly asyncMap in gTP /home/laurent/codeshare-node/node_modules/___mongodb.npm/package/deps/nodeunit/lib/reporters/minimal.js
silly asyncMap in gTP /home/laurent/codeshare-node/node_modules/___mongodb.npm/package/deps/nodeunit/lib/reporters/html.js
silly asyncMap in gTP /home/laurent/codeshare-node/node_modules/___mongodb.npm/package/deps/nodeunit/lib/reporters/skip_passed.js
silly asyncMap in gTP /home/laurent/codeshare-node/node_modules/___mongodb.npm/package/deps/nodeunit/lib/reporters/junit.js
silly asyncMap in gTP /home/laurent/codeshare-node/node_modules/___mongodb.npm/package/deps/nodeunit/examples/
silly asyncMap in gTP /home/laurent/codeshare-node/node_modules/___mongodb.npm/package/deps/nodeunit/examples/browser/
silly asyncMap in gTP /home/laurent/codeshare-node/node_modules/___mongodb.npm/package/deps/nodeunit/examples/browser/test.html
silly asyncMap in gTP /home/laurent/codeshare-node/node_modules/___mongodb.npm/package/deps/nodeunit/examples/browser/suite2.js
silly asyncMap in gTP /home/laurent/codeshare-node/node_modules/___mongodb.npm/package/deps/nodeunit/examples/browser/suite1.js
silly asyncMap in gTP /home/laurent/codeshare-node/node_modules/___mongodb.npm/package/deps/nodeunit/examples/browser/nodeunit.js
silly asyncMap in gTP /home/laurent/codeshare-node/node_modules/___mongodb.npm/package/deps/nodeunit/test/
silly asyncMap in gTP /home/laurent/codeshare-node/node_modules/___mongodb.npm/package/deps/nodeunit/test/test.html
silly asyncMap in gTP /home/laurent/codeshare-node/node_modules/___mongodb.npm/package/deps/nodeunit/test/test-testcase.js
silly asyncMap in gTP /home/laurent/codeshare-node/node_modules/___mongodb.npm/package/deps/nodeunit/test/test-sandbox.js
silly asyncMap in gTP /home/laurent/codeshare-node/node_modules/___mongodb.npm/package/deps/nodeunit/test/test-base.js
silly asyncMap in gTP /home/laurent/codeshare-node/node_modules/___mongodb.npm/package/deps/nodeunit/test/test-runtest.js
silly asyncMap in gTP /home/laurent/codeshare-node/node_modules/___mongodb.npm/package/deps/nodeunit/test/test-failing-callbacks.js
silly asyncMap in gTP /home/laurent/codeshare-node/node_modules/___mongodb.npm/package/deps/nodeunit/test/test-httputil.js
silly asyncMap in gTP /home/laurent/codeshare-node/node_modules/___mongodb.npm/package/deps/nodeunit/test/test-runmodule.js
silly asyncMap in gTP /home/laurent/codeshare-node/node_modules/___mongodb.npm/package/deps/nodeunit/test/test-runfiles.js
silly asyncMap in gTP /home/laurent/codeshare-node/node_modules/___mongodb.npm/package/deps/nodeunit/test/fixtures/
silly asyncMap in gTP /home/laurent/codeshare-node/node_modules/___mongodb.npm/package/deps/nodeunit/test/fixtures/raw_jscode2.js
silly asyncMap in gTP /home/laurent/codeshare-node/node_modules/___mongodb.npm/package/deps/nodeunit/test/fixtures/mock_module1.js
silly asyncMap in gTP /home/laurent/codeshare-node/node_modules/___mongodb.npm/package/deps/nodeunit/test/fixtures/raw_jscode1.js
silly asyncMap in gTP /home/laurent/codeshare-node/node_modules/___mongodb.npm/package/deps/nodeunit/test/fixtures/raw_jscode3.js
silly asyncMap in gTP /home/laurent/codeshare-node/node_modules/___mongodb.npm/package/deps/nodeunit/test/fixtures/mock_module2.js
silly asyncMap in gTP /home/laurent/codeshare-node/node_modules/___mongodb.npm/package/deps/nodeunit/test/fixtures/dir/
silly asyncMap in gTP /home/laurent/codeshare-node/node_modules/___mongodb.npm/package/deps/nodeunit/test/fixtures/dir/mock_module4.js
silly asyncMap in gTP /home/laurent/codeshare-node/node_modules/___mongodb.npm/package/deps/nodeunit/test/fixtures/dir/mock_module3.js
silly asyncMap in gTP /home/laurent/codeshare-node/node_modules/___mongodb.npm/package/deps/nodeunit/test/fixtures/coffee/
silly asyncMap in gTP /home/laurent/codeshare-node/node_modules/___mongodb.npm/package/deps/nodeunit/test/fixtures/coffee/mock_coffee_module.coffee
verbose gunzed /home/laurent/codeshare-node/node_modules/___mongodb.npm/package
verbose rm'ed /home/laurent/codeshare-node/node_modules/mongodb
verbose renamed [ '/home/laurent/codeshare-node/node_modules/___mongodb.npm/package',
verbose renamed   '/home/laurent/codeshare-node/node_modules/mongodb' ]
silly testEngine { name: 'mongodb',
silly testEngine   description: 'A node.js driver for MongoDB',
silly testEngine   version: '0.9.6-7',
silly testEngine   author: 
silly testEngine    { name: 'Christian Amor Kvalheim',
silly testEngine      email: 'christkv@gmail.com' },
silly testEngine   contributors: 
silly testEngine    [ { name: 'Nathan White', email: 'nw@nwhite.net' },
silly testEngine      { name: 'Adam Wiggins', email: 'adam@heroku.com' },
silly testEngine      { name: 'Ian Millington',
silly testEngine        email: 'idmillington@googlemail.com' },
silly testEngine      { name: 'Aaron Heckmann',
silly testEngine        email: 'aaron.heckmann+github@gmail.com' },
silly testEngine      { name: 'Ciaran Jessup', email: 'ciaranj@gmail.com' },
silly testEngine      { name: 'Christoph Pojer' },
silly testEngine      { name: 'Erik Abele' },
silly testEngine      { name: 'Henrik Johansson',
silly testEngine        email: 'dahankzter@gmail.com' } ],
silly testEngine   repository: 
silly testEngine    { type: 'git',
silly testEngine      url: 'git://github.com/christkv/node-mongodb-native.git' },
silly testEngine   bugs: 
silly testEngine    { email: 'node-mongodb-native@googlegroups.com',
silly testEngine      url: 'http://github.com/christkv/node-mongodb-native/issues' },
silly testEngine   os: [ 'linux', 'darwin', 'freebsd' ],
silly testEngine   config: { native: false },
silly testEngine   main: './lib/mongodb/index',
silly testEngine   directories: { lib: './lib/mongodb' },
silly testEngine   engines: { node: '>=0.4.0' },
silly testEngine   scripts: { install: 'bash ./install.sh' },
silly testEngine   licenses: 
silly testEngine    [ { type: 'Apache License, Version 2.0',
silly testEngine        url: 'http://www.apache.org/licenses/LICENSE-2.0' } ],
silly testEngine   _npmJsonOpts: 
silly testEngine    { file: '/home/laurent/codeshare-node/node_modules/mongodb/package.json',
silly testEngine      wscript: false,
silly testEngine      contributors: false,
silly testEngine      serverjs: false },
silly testEngine   _id: 'mongodb@0.9.6-7',
silly testEngine   dependencies: {},
silly testEngine   devDependencies: {},
silly testEngine   _engineSupported: true,
silly testEngine   _npmVersion: '1.0.15',
silly testEngine   _nodeVersion: 'v0.4.9',
silly testEngine   _defaultsLoaded: true }
verbose caching /home/laurent/codeshare-node/node_modules/mongodb/package.json
verbose loadDefaults mongodb@0.9.6-7
info preinstall mongodb@0.9.6-7
verbose from cache /home/laurent/codeshare-node/node_modules/mongodb/package.json
verbose into /home/laurent/codeshare-node/node_modules/mongodb []
silly resolved []
verbose about to build /home/laurent/codeshare-node/node_modules/mongodb
info build /home/laurent/codeshare-node/node_modules/mongodb
verbose from cache /home/laurent/codeshare-node/node_modules/mongodb/package.json
verbose linkStuff [ false,
verbose linkStuff   false,
verbose linkStuff   false,
verbose linkStuff   '/home/laurent/codeshare-node/node_modules' ]
info linkStuff mongodb@0.9.6-7
verbose linkBins mongodb@0.9.6-7
verbose linkMans mongodb@0.9.6-7
verbose rebuildBundles mongodb@0.9.6-7
info install mongodb@0.9.6-7
verbose unsafe-perm in lifecycle true
silly exec sh "-c" "bash ./install.sh"
info mongodb@0.9.6-7 Failed to exec install script
ERR! error installing mongodb@0.9.6-7 Error: mongodb@0.9.6-7 install: `bash ./install.sh`
ERR! error installing mongodb@0.9.6-7 `sh "-c" "bash ./install.sh"` failed with 2
ERR! error installing mongodb@0.9.6-7     at ChildProcess.<anonymous> (/usr/lib/node_modules/npm/lib/utils/exec.js:49:20)
ERR! error installing mongodb@0.9.6-7     at ChildProcess.emit (events.js:67:17)
ERR! error installing mongodb@0.9.6-7     at ChildProcess.onexit (child_process.js:192:12)
info unbuild /home/laurent/codeshare-node/node_modules/mongodb
verbose from cache /home/laurent/codeshare-node/node_modules/mongodb/package.json
info preuninstall mongodb@0.9.6-7
info uninstall mongodb@0.9.6-7
verbose unbuild mongodb@0.9.6-7 [ false,
verbose unbuild mongodb@0.9.6-7   '/usr/lib/node_modules',
verbose unbuild mongodb@0.9.6-7   '/home/laurent/codeshare-node/node_modules' ]
info postuninstall mongodb@0.9.6-7
verbose installOne cb mongodb@0.9.6-7
ERR! mongodb@0.9.6-7 install: `bash ./install.sh`
ERR! `sh "-c" "bash ./install.sh"` failed with 2
ERR! 
ERR! Failed at the mongodb@0.9.6-7 install script.
ERR! This is most likely a problem with the mongodb package,
ERR! not with npm itself.
ERR! Tell the author that this fails on your system:
ERR!     bash ./install.sh
ERR! You can get their info via:
ERR!     npm owner ls mongodb
ERR! There is likely additional logging output above.
ERR! 
ERR! System Linux 2.6.38-8-generic
ERR! command "node" "/usr/bin/npm" "install" "mongodb" "--mongodb:native"
verbose exit [ 1, true ]
